d:\rahul\zmqhubsql\feedhandler\publisher\x64\debug\publisher.pch
d:\rahul\zmqhubsql\feedhandler\publisher\x64\debug\vc140.pdb
d:\rahul\zmqhubsql\feedhandler\publisher\x64\debug\vc140.idb
d:\rahul\zmqhubsql\feedhandler\publisher\x64\debug\stdafx.obj
d:\rahul\zmqhubsql\feedhandler\publisher\x64\debug\json.obj
d:\rahul\zmqhubsql\feedhandler\publisher\x64\debug\jsonvalue.obj
d:\rahul\zmqhubsql\feedhandler\publisher\x64\debug\publisher.obj
d:\rahul\zmqhubsql\feedhandler\publisher\x64\debug\sqlserverclient.obj
d:\rahul\zmqhubsql\feedhandler\x64\debug\publisher.ilk
d:\rahul\zmqhubsql\feedhandler\x64\debug\publisher.exe
d:\rahul\zmqhubsql\feedhandler\x64\debug\publisher.pdb
d:\zmqhubsql\feedhandler\publisher\x64\debug\json.obj
d:\zmqhubsql\feedhandler\publisher\x64\debug\jsonvalue.obj
d:\zmqhubsql\feedhandler\publisher\x64\debug\publisher.obj
d:\zmqhubsql\feedhandler\publisher\x64\debug\sqlserverclient.obj
d:\zmqhubsql\feedhandler\publisher\x64\debug\stdafx.obj
d:\zmqhubsql\feedhandler\publisher\x64\debug\publisher.pch
d:\zmqhubsql\feedhandler\publisher\x64\debug\vc140.idb
d:\zmqhubsql\feedhandler\publisher\x64\debug\vc140.pdb
d:\zmqhubsql\feedhandler\x64\debug\publisher.pdb
d:\zmqhubsql\feedhandler\x64\debug\publisher.exe
d:\zmqhubsql\feedhandler\x64\debug\publisher.ilk
d:\zmqhubsql\feedhandler\publisher\x64\debug\publisher.tlog\cl.command.1.tlog
d:\zmqhubsql\feedhandler\publisher\x64\debug\publisher.tlog\cl.read.1.tlog
d:\zmqhubsql\feedhandler\publisher\x64\debug\publisher.tlog\cl.write.1.tlog
d:\zmqhubsql\feedhandler\publisher\x64\debug\publisher.tlog\link.command.1.tlog
d:\zmqhubsql\feedhandler\publisher\x64\debug\publisher.tlog\link.read.1.tlog
d:\zmqhubsql\feedhandler\publisher\x64\debug\publisher.tlog\link.write.1.tlog
