d:\rahul\zmqhubsql\feedhandler\logger\x64\debug\logger.pch
d:\rahul\zmqhubsql\feedhandler\logger\x64\debug\vc140.pdb
d:\rahul\zmqhubsql\feedhandler\logger\x64\debug\vc140.idb
d:\rahul\zmqhubsql\feedhandler\logger\x64\debug\stdafx.obj
d:\rahul\zmqhubsql\feedhandler\logger\x64\debug\logger.obj
d:\rahul\zmqhubsql\feedhandler\x64\debug\logger.ilk
d:\rahul\zmqhubsql\feedhandler\x64\debug\logger.exe
d:\rahul\zmqhubsql\feedhandler\x64\debug\logger.pdb
d:\zmqhubsql\feedhandler\logger\x64\debug\logger.obj
d:\zmqhubsql\feedhandler\logger\x64\debug\stdafx.obj
d:\zmqhubsql\feedhandler\logger\x64\debug\logger.pch
d:\zmqhubsql\feedhandler\logger\x64\debug\vc140.idb
d:\zmqhubsql\feedhandler\logger\x64\debug\vc140.pdb
d:\zmqhubsql\feedhandler\x64\debug\logger.pdb
d:\zmqhubsql\feedhandler\x64\debug\logger.exe
d:\zmqhubsql\feedhandler\x64\debug\logger.ilk
d:\zmqhubsql\feedhandler\logger\x64\debug\logger.tlog\cl.command.1.tlog
d:\zmqhubsql\feedhandler\logger\x64\debug\logger.tlog\cl.read.1.tlog
d:\zmqhubsql\feedhandler\logger\x64\debug\logger.tlog\cl.write.1.tlog
d:\zmqhubsql\feedhandler\logger\x64\debug\logger.tlog\link.command.1.tlog
d:\zmqhubsql\feedhandler\logger\x64\debug\logger.tlog\link.read.1.tlog
d:\zmqhubsql\feedhandler\logger\x64\debug\logger.tlog\link.write.1.tlog
